<?xml version="1.0" encoding="UTF-8"?>
<!-- Generated by org.testng.reporters.JUnitReportReporter -->
<testsuite hostname="MAVBCP3461" failures="0" tests="2" name="com.jenkin.SwagLabs" time="108.541" errors="0" timestamp="2021-10-15T02:28:28 IST" skipped="0">
  <testcase classname="com.jenkin.SwagLabs" name="logintest" time="53.659"/>
  <system-out/>
  <testcase classname="com.jenkin.SwagLabs" name="logintest" time="54.882"/>
  <system-out/>
</testsuite> <!-- com.jenkin.SwagLabs -->
